The system is: Linux - 3.3.7-1-ARCH - x86_64
Compiling the C compiler identification source file "CMakeCCompilerId.c" succeeded.
Compiler: /usr/bin/gcc 
Build flags: 
Id flags: 

The output was:
0


Compilation of the C compiler identification source "CMakeCCompilerId.c" produced "a.out"

The C compiler identification is GNU, found in "/home/goebbels/projects/glgb/build/CMakeFiles/CompilerIdC/a.out"

Compiling the CXX compiler identification source file "CMakeCXXCompilerId.cpp" succeeded.
Compiler: /usr/bin/c++ 
Build flags: 
Id flags: 

The output was:
0


Compilation of the CXX compiler identification source "CMakeCXXCompilerId.cpp" produced "a.out"

The CXX compiler identification is GNU, found in "/home/goebbels/projects/glgb/build/CMakeFiles/CompilerIdCXX/a.out"

Determining if the C compiler works passed with the following output:
Change Dir: /home/goebbels/projects/glgb/build/CMakeFiles/CMakeTmp

Run Build Command:/usr/bin/make "cmTryCompileExec486877909/fast"
/usr/bin/make -f CMakeFiles/cmTryCompileExec486877909.dir/build.make CMakeFiles/cmTryCompileExec486877909.dir/build
make[1]: Entering directory `/home/goebbels/projects/glgb/build/CMakeFiles/CMakeTmp'
/usr/bin/cmake -E cmake_progress_report /home/goebbels/projects/glgb/build/CMakeFiles/CMakeTmp/CMakeFiles 1
Building C object CMakeFiles/cmTryCompileExec486877909.dir/testCCompiler.c.o
/usr/bin/gcc    -o CMakeFiles/cmTryCompileExec486877909.dir/testCCompiler.c.o   -c /home/goebbels/projects/glgb/build/CMakeFiles/CMakeTmp/testCCompiler.c
Linking C executable cmTryCompileExec486877909
/usr/bin/cmake -E cmake_link_script CMakeFiles/cmTryCompileExec486877909.dir/link.txt --verbose=1
/usr/bin/gcc         CMakeFiles/cmTryCompileExec486877909.dir/testCCompiler.c.o  -o cmTryCompileExec486877909 -rdynamic 
make[1]: Leaving directory `/home/goebbels/projects/glgb/build/CMakeFiles/CMakeTmp'


Detecting C compiler ABI info compiled with the following output:
Change Dir: /home/goebbels/projects/glgb/build/CMakeFiles/CMakeTmp

Run Build Command:/usr/bin/make "cmTryCompileExec1153646802/fast"
/usr/bin/make -f CMakeFiles/cmTryCompileExec1153646802.dir/build.make CMakeFiles/cmTryCompileExec1153646802.dir/build
make[1]: Entering directory `/home/goebbels/projects/glgb/build/CMakeFiles/CMakeTmp'
/usr/bin/cmake -E cmake_progress_report /home/goebbels/projects/glgb/build/CMakeFiles/CMakeTmp/CMakeFiles 1
Building C object CMakeFiles/cmTryCompileExec1153646802.dir/CMakeCCompilerABI.c.o
/usr/bin/gcc    -o CMakeFiles/cmTryCompileExec1153646802.dir/CMakeCCompilerABI.c.o   -c /usr/share/cmake-2.8/Modules/CMakeCCompilerABI.c
Linking C executable cmTryCompileExec1153646802
/usr/bin/cmake -E cmake_link_script CMakeFiles/cmTryCompileExec1153646802.dir/link.txt --verbose=1
/usr/bin/gcc       -v CMakeFiles/cmTryCompileExec1153646802.dir/CMakeCCompilerABI.c.o  -o cmTryCompileExec1153646802 -rdynamic  
Using built-in specs.
COLLECT_GCC=/usr/bin/gcc
COLLECT_LTO_WRAPPER=/usr/lib/gcc/x86_64-unknown-linux-gnu/4.7.0/lto-wrapper
Target: x86_64-unknown-linux-gnu
Configured with: /build/src/gcc-4.7-20120505/configure --prefix=/usr --libdir=/usr/lib --libexecdir=/usr/lib --mandir=/usr/share/man --infodir=/usr/share/info --with-bugurl=https://bugs.archlinux.org/ --enable-languages=c,c++,ada,fortran,go,lto,objc,obj-c++ --enable-shared --enable-threads=posix --with-system-zlib --enable-__cxa_atexit --disable-libunwind-exceptions --enable-clocale=gnu --disable-libstdcxx-pch --enable-libstdcxx-time --enable-gnu-unique-object --enable-linker-build-id --with-ppl --enable-cloog-backend=isl --enable-lto --enable-gold --enable-ld=default --enable-plugin --with-plugin-ld=ld.gold --with-linker-hash-style=gnu --enable-multilib --disable-libssp --disable-build-with-cxx --disable-build-poststage1-with-cxx --enable-checking=release --with-fpmath=sse
Thread model: posix
gcc version 4.7.0 20120505 (prerelease) (GCC) 
COMPILER_PATH=/usr/lib/gcc/x86_64-unknown-linux-gnu/4.7.0/:/usr/lib/gcc/x86_64-unknown-linux-gnu/4.7.0/:/usr/lib/gcc/x86_64-unknown-linux-gnu/:/usr/lib/gcc/x86_64-unknown-linux-gnu/4.7.0/:/usr/lib/gcc/x86_64-unknown-linux-gnu/
LIBRARY_PATH=/usr/lib/gcc/x86_64-unknown-linux-gnu/4.7.0/:/usr/lib/gcc/x86_64-unknown-linux-gnu/4.7.0/../../../../lib/:/lib/../lib/:/usr/lib/../lib/:/usr/lib/gcc/x86_64-unknown-linux-gnu/4.7.0/../../../:/lib/:/usr/lib/
COLLECT_GCC_OPTIONS='-v' '-o' 'cmTryCompileExec1153646802' '-rdynamic' '-mtune=generic' '-march=x86-64'
 /usr/lib/gcc/x86_64-unknown-linux-gnu/4.7.0/collect2 --build-id --eh-frame-hdr --hash-style=gnu -m elf_x86_64 -export-dynamic -dynamic-linker /lib/ld-linux-x86-64.so.2 -o cmTryCompileExec1153646802 /usr/lib/gcc/x86_64-unknown-linux-gnu/4.7.0/../../../../lib/crt1.o /usr/lib/gcc/x86_64-unknown-linux-gnu/4.7.0/../../../../lib/crti.o /usr/lib/gcc/x86_64-unknown-linux-gnu/4.7.0/crtbegin.o -L/usr/lib/gcc/x86_64-unknown-linux-gnu/4.7.0 -L/usr/lib/gcc/x86_64-unknown-linux-gnu/4.7.0/../../../../lib -L/lib/../lib -L/usr/lib/../lib -L/usr/lib/gcc/x86_64-unknown-linux-gnu/4.7.0/../../.. CMakeFiles/cmTryCompileExec1153646802.dir/CMakeCCompilerABI.c.o -lgcc --as-needed -lgcc_s --no-as-needed -lc -lgcc --as-needed -lgcc_s --no-as-needed /usr/lib/gcc/x86_64-unknown-linux-gnu/4.7.0/crtend.o /usr/lib/gcc/x86_64-unknown-linux-gnu/4.7.0/../../../../lib/crtn.o
make[1]: Leaving directory `/home/goebbels/projects/glgb/build/CMakeFiles/CMakeTmp'


Parsed C implicit link information from above output:
  link line regex: [^( *|.*[/\])(ld|ld|collect2)[^/\]*( |$)]
  ignore line: [Change Dir: /home/goebbels/projects/glgb/build/CMakeFiles/CMakeTmp]
  ignore line: []
  ignore line: [Run Build Command:/usr/bin/make "cmTryCompileExec1153646802/fast"]
  ignore line: [/usr/bin/make -f CMakeFiles/cmTryCompileExec1153646802.dir/build.make CMakeFiles/cmTryCompileExec1153646802.dir/build]
  ignore line: [make[1]: Entering directory `/home/goebbels/projects/glgb/build/CMakeFiles/CMakeTmp']
  ignore line: [/usr/bin/cmake -E cmake_progress_report /home/goebbels/projects/glgb/build/CMakeFiles/CMakeTmp/CMakeFiles 1]
  ignore line: [Building C object CMakeFiles/cmTryCompileExec1153646802.dir/CMakeCCompilerABI.c.o]
  ignore line: [/usr/bin/gcc    -o CMakeFiles/cmTryCompileExec1153646802.dir/CMakeCCompilerABI.c.o   -c /usr/share/cmake-2.8/Modules/CMakeCCompilerABI.c]
  ignore line: [Linking C executable cmTryCompileExec1153646802]
  ignore line: [/usr/bin/cmake -E cmake_link_script CMakeFiles/cmTryCompileExec1153646802.dir/link.txt --verbose=1]
  ignore line: [/usr/bin/gcc       -v CMakeFiles/cmTryCompileExec1153646802.dir/CMakeCCompilerABI.c.o  -o cmTryCompileExec1153646802 -rdynamic  ]
  ignore line: [Using built-in specs.]
  ignore line: [COLLECT_GCC=/usr/bin/gcc]
  ignore line: [COLLECT_LTO_WRAPPER=/usr/lib/gcc/x86_64-unknown-linux-gnu/4.7.0/lto-wrapper]
  ignore line: [Target: x86_64-unknown-linux-gnu]
  ignore line: [Configured with: /build/src/gcc-4.7-20120505/configure --prefix=/usr --libdir=/usr/lib --libexecdir=/usr/lib --mandir=/usr/share/man --infodir=/usr/share/info --with-bugurl=https://bugs.archlinux.org/ --enable-languages=c,c++,ada,fortran,go,lto,objc,obj-c++ --enable-shared --enable-threads=posix --with-system-zlib --enable-__cxa_atexit --disable-libunwind-exceptions --enable-clocale=gnu --disable-libstdcxx-pch --enable-libstdcxx-time --enable-gnu-unique-object --enable-linker-build-id --with-ppl --enable-cloog-backend=isl --enable-lto --enable-gold --enable-ld=default --enable-plugin --with-plugin-ld=ld.gold --with-linker-hash-style=gnu --enable-multilib --disable-libssp --disable-build-with-cxx --disable-build-poststage1-with-cxx --enable-checking=release --with-fpmath=sse]
  ignore line: [Thread model: posix]
  ignore line: [gcc version 4.7.0 20120505 (prerelease) (GCC) ]
  ignore line: [COMPILER_PATH=/usr/lib/gcc/x86_64-unknown-linux-gnu/4.7.0/:/usr/lib/gcc/x86_64-unknown-linux-gnu/4.7.0/:/usr/lib/gcc/x86_64-unknown-linux-gnu/:/usr/lib/gcc/x86_64-unknown-linux-gnu/4.7.0/:/usr/lib/gcc/x86_64-unknown-linux-gnu/]
  ignore line: [LIBRARY_PATH=/usr/lib/gcc/x86_64-unknown-linux-gnu/4.7.0/:/usr/lib/gcc/x86_64-unknown-linux-gnu/4.7.0/../../../../lib/:/lib/../lib/:/usr/lib/../lib/:/usr/lib/gcc/x86_64-unknown-linux-gnu/4.7.0/../../../:/lib/:/usr/lib/]
  ignore line: [COLLECT_GCC_OPTIONS='-v' '-o' 'cmTryCompileExec1153646802' '-rdynamic' '-mtune=generic' '-march=x86-64']
  link line: [ /usr/lib/gcc/x86_64-unknown-linux-gnu/4.7.0/collect2 --build-id --eh-frame-hdr --hash-style=gnu -m elf_x86_64 -export-dynamic -dynamic-linker /lib/ld-linux-x86-64.so.2 -o cmTryCompileExec1153646802 /usr/lib/gcc/x86_64-unknown-linux-gnu/4.7.0/../../../../lib/crt1.o /usr/lib/gcc/x86_64-unknown-linux-gnu/4.7.0/../../../../lib/crti.o /usr/lib/gcc/x86_64-unknown-linux-gnu/4.7.0/crtbegin.o -L/usr/lib/gcc/x86_64-unknown-linux-gnu/4.7.0 -L/usr/lib/gcc/x86_64-unknown-linux-gnu/4.7.0/../../../../lib -L/lib/../lib -L/usr/lib/../lib -L/usr/lib/gcc/x86_64-unknown-linux-gnu/4.7.0/../../.. CMakeFiles/cmTryCompileExec1153646802.dir/CMakeCCompilerABI.c.o -lgcc --as-needed -lgcc_s --no-as-needed -lc -lgcc --as-needed -lgcc_s --no-as-needed /usr/lib/gcc/x86_64-unknown-linux-gnu/4.7.0/crtend.o /usr/lib/gcc/x86_64-unknown-linux-gnu/4.7.0/../../../../lib/crtn.o]
    arg [/usr/lib/gcc/x86_64-unknown-linux-gnu/4.7.0/collect2] ==> ignore
    arg [--build-id] ==> ignore
    arg [--eh-frame-hdr] ==> ignore
    arg [--hash-style=gnu] ==> ignore
    arg [-m] ==> ignore
    arg [elf_x86_64] ==> ignore
    arg [-export-dynamic] ==> ignore
    arg [-dynamic-linker] ==> ignore
    arg [/lib/ld-linux-x86-64.so.2] ==> ignore
    arg [-o] ==> ignore
    arg [cmTryCompileExec1153646802] ==> ignore
    arg [/usr/lib/gcc/x86_64-unknown-linux-gnu/4.7.0/../../../../lib/crt1.o] ==> ignore
    arg [/usr/lib/gcc/x86_64-unknown-linux-gnu/4.7.0/../../../../lib/crti.o] ==> ignore
    arg [/usr/lib/gcc/x86_64-unknown-linux-gnu/4.7.0/crtbegin.o] ==> ignore
    arg [-L/usr/lib/gcc/x86_64-unknown-linux-gnu/4.7.0] ==> dir [/usr/lib/gcc/x86_64-unknown-linux-gnu/4.7.0]
    arg [-L/usr/lib/gcc/x86_64-unknown-linux-gnu/4.7.0/../../../../lib] ==> dir [/usr/lib/gcc/x86_64-unknown-linux-gnu/4.7.0/../../../../lib]
    arg [-L/lib/../lib] ==> dir [/lib/../lib]
    arg [-L/usr/lib/../lib] ==> dir [/usr/lib/../lib]
    arg [-L/usr/lib/gcc/x86_64-unknown-linux-gnu/4.7.0/../../..] ==> dir [/usr/lib/gcc/x86_64-unknown-linux-gnu/4.7.0/../../..]
    arg [CMakeFiles/cmTryCompileExec1153646802.dir/CMakeCCompilerABI.c.o] ==> ignore
    arg [-lgcc] ==> lib [gcc]
    arg [--as-needed] ==> ignore
    arg [-lgcc_s] ==> lib [gcc_s]
    arg [--no-as-needed] ==> ignore
    arg [-lc] ==> lib [c]
    arg [-lgcc] ==> lib [gcc]
    arg [--as-needed] ==> ignore
    arg [-lgcc_s] ==> lib [gcc_s]
    arg [--no-as-needed] ==> ignore
    arg [/usr/lib/gcc/x86_64-unknown-linux-gnu/4.7.0/crtend.o] ==> ignore
    arg [/usr/lib/gcc/x86_64-unknown-linux-gnu/4.7.0/../../../../lib/crtn.o] ==> ignore
  remove lib [gcc]
  remove lib [gcc_s]
  remove lib [gcc]
  remove lib [gcc_s]
  collapse dir [/usr/lib/gcc/x86_64-unknown-linux-gnu/4.7.0] ==> [/usr/lib/gcc/x86_64-unknown-linux-gnu/4.7.0]
  collapse dir [/usr/lib/gcc/x86_64-unknown-linux-gnu/4.7.0/../../../../lib] ==> [/usr/lib]
  collapse dir [/lib/../lib] ==> [/lib]
  collapse dir [/usr/lib/../lib] ==> [/usr/lib]
  collapse dir [/usr/lib/gcc/x86_64-unknown-linux-gnu/4.7.0/../../..] ==> [/usr/lib]
  implicit libs: [c]
  implicit dirs: [/usr/lib/gcc/x86_64-unknown-linux-gnu/4.7.0;/usr/lib;/lib]


Determining if the CXX compiler works passed with the following output:
Change Dir: /home/goebbels/projects/glgb/build/CMakeFiles/CMakeTmp

Run Build Command:/usr/bin/make "cmTryCompileExec2760826987/fast"
/usr/bin/make -f CMakeFiles/cmTryCompileExec2760826987.dir/build.make CMakeFiles/cmTryCompileExec2760826987.dir/build
make[1]: Entering directory `/home/goebbels/projects/glgb/build/CMakeFiles/CMakeTmp'
/usr/bin/cmake -E cmake_progress_report /home/goebbels/projects/glgb/build/CMakeFiles/CMakeTmp/CMakeFiles 1
Building CXX object CMakeFiles/cmTryCompileExec2760826987.dir/testCXXCompiler.cxx.o
/usr/bin/c++     -o CMakeFiles/cmTryCompileExec2760826987.dir/testCXXCompiler.cxx.o -c /home/goebbels/projects/glgb/build/CMakeFiles/CMakeTmp/testCXXCompiler.cxx
Linking CXX executable cmTryCompileExec2760826987
/usr/bin/cmake -E cmake_link_script CMakeFiles/cmTryCompileExec2760826987.dir/link.txt --verbose=1
/usr/bin/c++          CMakeFiles/cmTryCompileExec2760826987.dir/testCXXCompiler.cxx.o  -o cmTryCompileExec2760826987 -rdynamic 
make[1]: Leaving directory `/home/goebbels/projects/glgb/build/CMakeFiles/CMakeTmp'


Detecting CXX compiler ABI info compiled with the following output:
Change Dir: /home/goebbels/projects/glgb/build/CMakeFiles/CMakeTmp

Run Build Command:/usr/bin/make "cmTryCompileExec842497000/fast"
/usr/bin/make -f CMakeFiles/cmTryCompileExec842497000.dir/build.make CMakeFiles/cmTryCompileExec842497000.dir/build
make[1]: Entering directory `/home/goebbels/projects/glgb/build/CMakeFiles/CMakeTmp'
/usr/bin/cmake -E cmake_progress_report /home/goebbels/projects/glgb/build/CMakeFiles/CMakeTmp/CMakeFiles 1
Building CXX object CMakeFiles/cmTryCompileExec842497000.dir/CMakeCXXCompilerABI.cpp.o
/usr/bin/c++     -o CMakeFiles/cmTryCompileExec842497000.dir/CMakeCXXCompilerABI.cpp.o -c /usr/share/cmake-2.8/Modules/CMakeCXXCompilerABI.cpp
Linking CXX executable cmTryCompileExec842497000
/usr/bin/cmake -E cmake_link_script CMakeFiles/cmTryCompileExec842497000.dir/link.txt --verbose=1
/usr/bin/c++        -v CMakeFiles/cmTryCompileExec842497000.dir/CMakeCXXCompilerABI.cpp.o  -o cmTryCompileExec842497000 -rdynamic  
Using built-in specs.
COLLECT_GCC=/usr/bin/c++
COLLECT_LTO_WRAPPER=/usr/lib/gcc/x86_64-unknown-linux-gnu/4.7.0/lto-wrapper
Target: x86_64-unknown-linux-gnu
Configured with: /build/src/gcc-4.7-20120505/configure --prefix=/usr --libdir=/usr/lib --libexecdir=/usr/lib --mandir=/usr/share/man --infodir=/usr/share/info --with-bugurl=https://bugs.archlinux.org/ --enable-languages=c,c++,ada,fortran,go,lto,objc,obj-c++ --enable-shared --enable-threads=posix --with-system-zlib --enable-__cxa_atexit --disable-libunwind-exceptions --enable-clocale=gnu --disable-libstdcxx-pch --enable-libstdcxx-time --enable-gnu-unique-object --enable-linker-build-id --with-ppl --enable-cloog-backend=isl --enable-lto --enable-gold --enable-ld=default --enable-plugin --with-plugin-ld=ld.gold --with-linker-hash-style=gnu --enable-multilib --disable-libssp --disable-build-with-cxx --disable-build-poststage1-with-cxx --enable-checking=release --with-fpmath=sse
Thread model: posix
gcc version 4.7.0 20120505 (prerelease) (GCC) 
COMPILER_PATH=/usr/lib/gcc/x86_64-unknown-linux-gnu/4.7.0/:/usr/lib/gcc/x86_64-unknown-linux-gnu/4.7.0/:/usr/lib/gcc/x86_64-unknown-linux-gnu/:/usr/lib/gcc/x86_64-unknown-linux-gnu/4.7.0/:/usr/lib/gcc/x86_64-unknown-linux-gnu/
LIBRARY_PATH=/usr/lib/gcc/x86_64-unknown-linux-gnu/4.7.0/:/usr/lib/gcc/x86_64-unknown-linux-gnu/4.7.0/../../../../lib/:/lib/../lib/:/usr/lib/../lib/:/usr/lib/gcc/x86_64-unknown-linux-gnu/4.7.0/../../../:/lib/:/usr/lib/
COLLECT_GCC_OPTIONS='-v' '-o' 'cmTryCompileExec842497000' '-rdynamic' '-shared-libgcc' '-mtune=generic' '-march=x86-64'
 /usr/lib/gcc/x86_64-unknown-linux-gnu/4.7.0/collect2 --build-id --eh-frame-hdr --hash-style=gnu -m elf_x86_64 -export-dynamic -dynamic-linker /lib/ld-linux-x86-64.so.2 -o cmTryCompileExec842497000 /usr/lib/gcc/x86_64-unknown-linux-gnu/4.7.0/../../../../lib/crt1.o /usr/lib/gcc/x86_64-unknown-linux-gnu/4.7.0/../../../../lib/crti.o /usr/lib/gcc/x86_64-unknown-linux-gnu/4.7.0/crtbegin.o -L/usr/lib/gcc/x86_64-unknown-linux-gnu/4.7.0 -L/usr/lib/gcc/x86_64-unknown-linux-gnu/4.7.0/../../../../lib -L/lib/../lib -L/usr/lib/../lib -L/usr/lib/gcc/x86_64-unknown-linux-gnu/4.7.0/../../.. CMakeFiles/cmTryCompileExec842497000.dir/CMakeCXXCompilerABI.cpp.o -lstdc++ -lm -lgcc_s -lgcc -lc -lgcc_s -lgcc /usr/lib/gcc/x86_64-unknown-linux-gnu/4.7.0/crtend.o /usr/lib/gcc/x86_64-unknown-linux-gnu/4.7.0/../../../../lib/crtn.o
make[1]: Leaving directory `/home/goebbels/projects/glgb/build/CMakeFiles/CMakeTmp'


Parsed CXX implicit link information from above output:
  link line regex: [^( *|.*[/\])(ld|ld|collect2)[^/\]*( |$)]
  ignore line: [Change Dir: /home/goebbels/projects/glgb/build/CMakeFiles/CMakeTmp]
  ignore line: []
  ignore line: [Run Build Command:/usr/bin/make "cmTryCompileExec842497000/fast"]
  ignore line: [/usr/bin/make -f CMakeFiles/cmTryCompileExec842497000.dir/build.make CMakeFiles/cmTryCompileExec842497000.dir/build]
  ignore line: [make[1]: Entering directory `/home/goebbels/projects/glgb/build/CMakeFiles/CMakeTmp']
  ignore line: [/usr/bin/cmake -E cmake_progress_report /home/goebbels/projects/glgb/build/CMakeFiles/CMakeTmp/CMakeFiles 1]
  ignore line: [Building CXX object CMakeFiles/cmTryCompileExec842497000.dir/CMakeCXXCompilerABI.cpp.o]
  ignore line: [/usr/bin/c++     -o CMakeFiles/cmTryCompileExec842497000.dir/CMakeCXXCompilerABI.cpp.o -c /usr/share/cmake-2.8/Modules/CMakeCXXCompilerABI.cpp]
  ignore line: [Linking CXX executable cmTryCompileExec842497000]
  ignore line: [/usr/bin/cmake -E cmake_link_script CMakeFiles/cmTryCompileExec842497000.dir/link.txt --verbose=1]
  ignore line: [/usr/bin/c++        -v CMakeFiles/cmTryCompileExec842497000.dir/CMakeCXXCompilerABI.cpp.o  -o cmTryCompileExec842497000 -rdynamic  ]
  ignore line: [Using built-in specs.]
  ignore line: [COLLECT_GCC=/usr/bin/c++]
  ignore line: [COLLECT_LTO_WRAPPER=/usr/lib/gcc/x86_64-unknown-linux-gnu/4.7.0/lto-wrapper]
  ignore line: [Target: x86_64-unknown-linux-gnu]
  ignore line: [Configured with: /build/src/gcc-4.7-20120505/configure --prefix=/usr --libdir=/usr/lib --libexecdir=/usr/lib --mandir=/usr/share/man --infodir=/usr/share/info --with-bugurl=https://bugs.archlinux.org/ --enable-languages=c,c++,ada,fortran,go,lto,objc,obj-c++ --enable-shared --enable-threads=posix --with-system-zlib --enable-__cxa_atexit --disable-libunwind-exceptions --enable-clocale=gnu --disable-libstdcxx-pch --enable-libstdcxx-time --enable-gnu-unique-object --enable-linker-build-id --with-ppl --enable-cloog-backend=isl --enable-lto --enable-gold --enable-ld=default --enable-plugin --with-plugin-ld=ld.gold --with-linker-hash-style=gnu --enable-multilib --disable-libssp --disable-build-with-cxx --disable-build-poststage1-with-cxx --enable-checking=release --with-fpmath=sse]
  ignore line: [Thread model: posix]
  ignore line: [gcc version 4.7.0 20120505 (prerelease) (GCC) ]
  ignore line: [COMPILER_PATH=/usr/lib/gcc/x86_64-unknown-linux-gnu/4.7.0/:/usr/lib/gcc/x86_64-unknown-linux-gnu/4.7.0/:/usr/lib/gcc/x86_64-unknown-linux-gnu/:/usr/lib/gcc/x86_64-unknown-linux-gnu/4.7.0/:/usr/lib/gcc/x86_64-unknown-linux-gnu/]
  ignore line: [LIBRARY_PATH=/usr/lib/gcc/x86_64-unknown-linux-gnu/4.7.0/:/usr/lib/gcc/x86_64-unknown-linux-gnu/4.7.0/../../../../lib/:/lib/../lib/:/usr/lib/../lib/:/usr/lib/gcc/x86_64-unknown-linux-gnu/4.7.0/../../../:/lib/:/usr/lib/]
  ignore line: [COLLECT_GCC_OPTIONS='-v' '-o' 'cmTryCompileExec842497000' '-rdynamic' '-shared-libgcc' '-mtune=generic' '-march=x86-64']
  link line: [ /usr/lib/gcc/x86_64-unknown-linux-gnu/4.7.0/collect2 --build-id --eh-frame-hdr --hash-style=gnu -m elf_x86_64 -export-dynamic -dynamic-linker /lib/ld-linux-x86-64.so.2 -o cmTryCompileExec842497000 /usr/lib/gcc/x86_64-unknown-linux-gnu/4.7.0/../../../../lib/crt1.o /usr/lib/gcc/x86_64-unknown-linux-gnu/4.7.0/../../../../lib/crti.o /usr/lib/gcc/x86_64-unknown-linux-gnu/4.7.0/crtbegin.o -L/usr/lib/gcc/x86_64-unknown-linux-gnu/4.7.0 -L/usr/lib/gcc/x86_64-unknown-linux-gnu/4.7.0/../../../../lib -L/lib/../lib -L/usr/lib/../lib -L/usr/lib/gcc/x86_64-unknown-linux-gnu/4.7.0/../../.. CMakeFiles/cmTryCompileExec842497000.dir/CMakeCXXCompilerABI.cpp.o -lstdc++ -lm -lgcc_s -lgcc -lc -lgcc_s -lgcc /usr/lib/gcc/x86_64-unknown-linux-gnu/4.7.0/crtend.o /usr/lib/gcc/x86_64-unknown-linux-gnu/4.7.0/../../../../lib/crtn.o]
    arg [/usr/lib/gcc/x86_64-unknown-linux-gnu/4.7.0/collect2] ==> ignore
    arg [--build-id] ==> ignore
    arg [--eh-frame-hdr] ==> ignore
    arg [--hash-style=gnu] ==> ignore
    arg [-m] ==> ignore
    arg [elf_x86_64] ==> ignore
    arg [-export-dynamic] ==> ignore
    arg [-dynamic-linker] ==> ignore
    arg [/lib/ld-linux-x86-64.so.2] ==> ignore
    arg [-o] ==> ignore
    arg [cmTryCompileExec842497000] ==> ignore
    arg [/usr/lib/gcc/x86_64-unknown-linux-gnu/4.7.0/../../../../lib/crt1.o] ==> ignore
    arg [/usr/lib/gcc/x86_64-unknown-linux-gnu/4.7.0/../../../../lib/crti.o] ==> ignore
    arg [/usr/lib/gcc/x86_64-unknown-linux-gnu/4.7.0/crtbegin.o] ==> ignore
    arg [-L/usr/lib/gcc/x86_64-unknown-linux-gnu/4.7.0] ==> dir [/usr/lib/gcc/x86_64-unknown-linux-gnu/4.7.0]
    arg [-L/usr/lib/gcc/x86_64-unknown-linux-gnu/4.7.0/../../../../lib] ==> dir [/usr/lib/gcc/x86_64-unknown-linux-gnu/4.7.0/../../../../lib]
    arg [-L/lib/../lib] ==> dir [/lib/../lib]
    arg [-L/usr/lib/../lib] ==> dir [/usr/lib/../lib]
    arg [-L/usr/lib/gcc/x86_64-unknown-linux-gnu/4.7.0/../../..] ==> dir [/usr/lib/gcc/x86_64-unknown-linux-gnu/4.7.0/../../..]
    arg [CMakeFiles/cmTryCompileExec842497000.dir/CMakeCXXCompilerABI.cpp.o] ==> ignore
    arg [-lstdc++] ==> lib [stdc++]
    arg [-lm] ==> lib [m]
    arg [-lgcc_s] ==> lib [gcc_s]
    arg [-lgcc] ==> lib [gcc]
    arg [-lc] ==> lib [c]
    arg [-lgcc_s] ==> lib [gcc_s]
    arg [-lgcc] ==> lib [gcc]
    arg [/usr/lib/gcc/x86_64-unknown-linux-gnu/4.7.0/crtend.o] ==> ignore
    arg [/usr/lib/gcc/x86_64-unknown-linux-gnu/4.7.0/../../../../lib/crtn.o] ==> ignore
  remove lib [gcc_s]
  remove lib [gcc]
  remove lib [gcc_s]
  remove lib [gcc]
  collapse dir [/usr/lib/gcc/x86_64-unknown-linux-gnu/4.7.0] ==> [/usr/lib/gcc/x86_64-unknown-linux-gnu/4.7.0]
  collapse dir [/usr/lib/gcc/x86_64-unknown-linux-gnu/4.7.0/../../../../lib] ==> [/usr/lib]
  collapse dir [/lib/../lib] ==> [/lib]
  collapse dir [/usr/lib/../lib] ==> [/usr/lib]
  collapse dir [/usr/lib/gcc/x86_64-unknown-linux-gnu/4.7.0/../../..] ==> [/usr/lib]
  implicit libs: [stdc++;m;c]
  implicit dirs: [/usr/lib/gcc/x86_64-unknown-linux-gnu/4.7.0;/usr/lib;/lib]


Determining if the function XOpenDisplay exists in the /usr/lib/libX11.so;/usr/lib/libXext.so passed with the following output:
Change Dir: /home/goebbels/projects/glgb/build/CMakeFiles/CMakeTmp

Run Build Command:/usr/bin/make "cmTryCompileExec557018036/fast"
make[1]: Entering directory `/home/goebbels/projects/glgb/build/CMakeFiles/CMakeTmp'
/usr/bin/make -f CMakeFiles/cmTryCompileExec557018036.dir/build.make CMakeFiles/cmTryCompileExec557018036.dir/build
make[2]: Entering directory `/home/goebbels/projects/glgb/build/CMakeFiles/CMakeTmp'
/usr/bin/cmake -E cmake_progress_report /home/goebbels/projects/glgb/build/CMakeFiles/CMakeTmp/CMakeFiles 1
Building C object CMakeFiles/cmTryCompileExec557018036.dir/CheckFunctionExists.c.o
/usr/bin/gcc   -DCHECK_FUNCTION_EXISTS=XOpenDisplay   -o CMakeFiles/cmTryCompileExec557018036.dir/CheckFunctionExists.c.o   -c /usr/share/cmake-2.8/Modules/CheckFunctionExists.c
Linking C executable cmTryCompileExec557018036
/usr/bin/cmake -E cmake_link_script CMakeFiles/cmTryCompileExec557018036.dir/link.txt --verbose=1
/usr/bin/gcc     -DCHECK_FUNCTION_EXISTS=XOpenDisplay    CMakeFiles/cmTryCompileExec557018036.dir/CheckFunctionExists.c.o  -o cmTryCompileExec557018036 -rdynamic -lX11 -lXext 
make[2]: Leaving directory `/home/goebbels/projects/glgb/build/CMakeFiles/CMakeTmp'
make[1]: Leaving directory `/home/goebbels/projects/glgb/build/CMakeFiles/CMakeTmp'


Determining if the function gethostbyname exists passed with the following output:
Change Dir: /home/goebbels/projects/glgb/build/CMakeFiles/CMakeTmp

Run Build Command:/usr/bin/make "cmTryCompileExec1846042942/fast"
make[1]: Entering directory `/home/goebbels/projects/glgb/build/CMakeFiles/CMakeTmp'
/usr/bin/make -f CMakeFiles/cmTryCompileExec1846042942.dir/build.make CMakeFiles/cmTryCompileExec1846042942.dir/build
make[2]: Entering directory `/home/goebbels/projects/glgb/build/CMakeFiles/CMakeTmp'
/usr/bin/cmake -E cmake_progress_report /home/goebbels/projects/glgb/build/CMakeFiles/CMakeTmp/CMakeFiles 1
Building C object CMakeFiles/cmTryCompileExec1846042942.dir/CheckFunctionExists.c.o
/usr/bin/gcc   -DCHECK_FUNCTION_EXISTS=gethostbyname   -o CMakeFiles/cmTryCompileExec1846042942.dir/CheckFunctionExists.c.o   -c /usr/share/cmake-2.8/Modules/CheckFunctionExists.c
Linking C executable cmTryCompileExec1846042942
/usr/bin/cmake -E cmake_link_script CMakeFiles/cmTryCompileExec1846042942.dir/link.txt --verbose=1
/usr/bin/gcc     -DCHECK_FUNCTION_EXISTS=gethostbyname    CMakeFiles/cmTryCompileExec1846042942.dir/CheckFunctionExists.c.o  -o cmTryCompileExec1846042942 -rdynamic 
make[2]: Leaving directory `/home/goebbels/projects/glgb/build/CMakeFiles/CMakeTmp'
make[1]: Leaving directory `/home/goebbels/projects/glgb/build/CMakeFiles/CMakeTmp'


Determining if the function connect exists passed with the following output:
Change Dir: /home/goebbels/projects/glgb/build/CMakeFiles/CMakeTmp

Run Build Command:/usr/bin/make "cmTryCompileExec1678561584/fast"
make[1]: Entering directory `/home/goebbels/projects/glgb/build/CMakeFiles/CMakeTmp'
/usr/bin/make -f CMakeFiles/cmTryCompileExec1678561584.dir/build.make CMakeFiles/cmTryCompileExec1678561584.dir/build
make[2]: Entering directory `/home/goebbels/projects/glgb/build/CMakeFiles/CMakeTmp'
/usr/bin/cmake -E cmake_progress_report /home/goebbels/projects/glgb/build/CMakeFiles/CMakeTmp/CMakeFiles 1
Building C object CMakeFiles/cmTryCompileExec1678561584.dir/CheckFunctionExists.c.o
/usr/bin/gcc   -DCHECK_FUNCTION_EXISTS=connect   -o CMakeFiles/cmTryCompileExec1678561584.dir/CheckFunctionExists.c.o   -c /usr/share/cmake-2.8/Modules/CheckFunctionExists.c
Linking C executable cmTryCompileExec1678561584
/usr/bin/cmake -E cmake_link_script CMakeFiles/cmTryCompileExec1678561584.dir/link.txt --verbose=1
/usr/bin/gcc     -DCHECK_FUNCTION_EXISTS=connect    CMakeFiles/cmTryCompileExec1678561584.dir/CheckFunctionExists.c.o  -o cmTryCompileExec1678561584 -rdynamic 
make[2]: Leaving directory `/home/goebbels/projects/glgb/build/CMakeFiles/CMakeTmp'
make[1]: Leaving directory `/home/goebbels/projects/glgb/build/CMakeFiles/CMakeTmp'


Determining if the function remove exists passed with the following output:
Change Dir: /home/goebbels/projects/glgb/build/CMakeFiles/CMakeTmp

Run Build Command:/usr/bin/make "cmTryCompileExec2955065235/fast"
make[1]: Entering directory `/home/goebbels/projects/glgb/build/CMakeFiles/CMakeTmp'
/usr/bin/make -f CMakeFiles/cmTryCompileExec2955065235.dir/build.make CMakeFiles/cmTryCompileExec2955065235.dir/build
make[2]: Entering directory `/home/goebbels/projects/glgb/build/CMakeFiles/CMakeTmp'
/usr/bin/cmake -E cmake_progress_report /home/goebbels/projects/glgb/build/CMakeFiles/CMakeTmp/CMakeFiles 1
Building C object CMakeFiles/cmTryCompileExec2955065235.dir/CheckFunctionExists.c.o
/usr/bin/gcc   -DCHECK_FUNCTION_EXISTS=remove   -o CMakeFiles/cmTryCompileExec2955065235.dir/CheckFunctionExists.c.o   -c /usr/share/cmake-2.8/Modules/CheckFunctionExists.c
Linking C executable cmTryCompileExec2955065235
/usr/bin/cmake -E cmake_link_script CMakeFiles/cmTryCompileExec2955065235.dir/link.txt --verbose=1
/usr/bin/gcc     -DCHECK_FUNCTION_EXISTS=remove    CMakeFiles/cmTryCompileExec2955065235.dir/CheckFunctionExists.c.o  -o cmTryCompileExec2955065235 -rdynamic 
make[2]: Leaving directory `/home/goebbels/projects/glgb/build/CMakeFiles/CMakeTmp'
make[1]: Leaving directory `/home/goebbels/projects/glgb/build/CMakeFiles/CMakeTmp'


Determining if the function shmat exists passed with the following output:
Change Dir: /home/goebbels/projects/glgb/build/CMakeFiles/CMakeTmp

Run Build Command:/usr/bin/make "cmTryCompileExec3990145293/fast"
make[1]: Entering directory `/home/goebbels/projects/glgb/build/CMakeFiles/CMakeTmp'
/usr/bin/make -f CMakeFiles/cmTryCompileExec3990145293.dir/build.make CMakeFiles/cmTryCompileExec3990145293.dir/build
make[2]: Entering directory `/home/goebbels/projects/glgb/build/CMakeFiles/CMakeTmp'
/usr/bin/cmake -E cmake_progress_report /home/goebbels/projects/glgb/build/CMakeFiles/CMakeTmp/CMakeFiles 1
Building C object CMakeFiles/cmTryCompileExec3990145293.dir/CheckFunctionExists.c.o
/usr/bin/gcc   -DCHECK_FUNCTION_EXISTS=shmat   -o CMakeFiles/cmTryCompileExec3990145293.dir/CheckFunctionExists.c.o   -c /usr/share/cmake-2.8/Modules/CheckFunctionExists.c
Linking C executable cmTryCompileExec3990145293
/usr/bin/cmake -E cmake_link_script CMakeFiles/cmTryCompileExec3990145293.dir/link.txt --verbose=1
/usr/bin/gcc     -DCHECK_FUNCTION_EXISTS=shmat    CMakeFiles/cmTryCompileExec3990145293.dir/CheckFunctionExists.c.o  -o cmTryCompileExec3990145293 -rdynamic 
make[2]: Leaving directory `/home/goebbels/projects/glgb/build/CMakeFiles/CMakeTmp'
make[1]: Leaving directory `/home/goebbels/projects/glgb/build/CMakeFiles/CMakeTmp'


Determining if the function IceConnectionNumber exists in the ICE passed with the following output:
Change Dir: /home/goebbels/projects/glgb/build/CMakeFiles/CMakeTmp

Run Build Command:/usr/bin/make "cmTryCompileExec2282022007/fast"
make[1]: Entering directory `/home/goebbels/projects/glgb/build/CMakeFiles/CMakeTmp'
/usr/bin/make -f CMakeFiles/cmTryCompileExec2282022007.dir/build.make CMakeFiles/cmTryCompileExec2282022007.dir/build
make[2]: Entering directory `/home/goebbels/projects/glgb/build/CMakeFiles/CMakeTmp'
/usr/bin/cmake -E cmake_progress_report /home/goebbels/projects/glgb/build/CMakeFiles/CMakeTmp/CMakeFiles 1
Building C object CMakeFiles/cmTryCompileExec2282022007.dir/CheckFunctionExists.c.o
/usr/bin/gcc   -DCHECK_FUNCTION_EXISTS=IceConnectionNumber   -o CMakeFiles/cmTryCompileExec2282022007.dir/CheckFunctionExists.c.o   -c /usr/share/cmake-2.8/Modules/CheckFunctionExists.c
Linking C executable cmTryCompileExec2282022007
/usr/bin/cmake -E cmake_link_script CMakeFiles/cmTryCompileExec2282022007.dir/link.txt --verbose=1
/usr/bin/gcc     -DCHECK_FUNCTION_EXISTS=IceConnectionNumber    CMakeFiles/cmTryCompileExec2282022007.dir/CheckFunctionExists.c.o  -o cmTryCompileExec2282022007 -rdynamic -lICE 
make[2]: Leaving directory `/home/goebbels/projects/glgb/build/CMakeFiles/CMakeTmp'
make[1]: Leaving directory `/home/goebbels/projects/glgb/build/CMakeFiles/CMakeTmp'


